{"D:\\dev\\saon\\characters\\src\\app.ts": {"path":"D:\\dev\\saon\\characters\\src\\app.ts","statementMap":{"0":{"start":{"line":1,"column":0},"end":{"line":1,"column":30}},"1":{"start":{"line":2,"column":0},"end":{"line":2,"column":30}},"2":{"start":{"line":3,"column":0},"end":{"line":3,"column":35}},"3":{"start":{"line":4,"column":0},"end":{"line":4,"column":43}},"4":{"start":{"line":5,"column":0},"end":{"line":5,"column":73}},"5":{"start":{"line":6,"column":0},"end":{"line":6,"column":52}},"6":{"start":{"line":7,"column":0},"end":{"line":7,"column":51}},"7":{"start":{"line":8,"column":0},"end":{"line":8,"column":53}},"8":{"start":{"line":9,"column":0},"end":{"line":9,"column":55}},"9":{"start":{"line":11,"column":12},"end":{"line":11,"column":21}},"10":{"start":{"line":34,"column":9},"end":{"line":34,"column":12}},"11":{"start":{"line":12,"column":0},"end":{"line":12,"column":29}},"12":{"start":{"line":13,"column":0},"end":{"line":13,"column":16}},"13":{"start":{"line":14,"column":0},"end":{"line":20,"column":2}},"14":{"start":{"line":21,"column":0},"end":{"line":21,"column":21}},"15":{"start":{"line":23,"column":0},"end":{"line":23,"column":31}},"16":{"start":{"line":24,"column":0},"end":{"line":24,"column":29}},"17":{"start":{"line":25,"column":0},"end":{"line":25,"column":30}},"18":{"start":{"line":26,"column":0},"end":{"line":26,"column":31}},"19":{"start":{"line":28,"column":0},"end":{"line":30,"column":3}},"20":{"start":{"line":28,"column":28},"end":{"line":30,"column":2}},"21":{"start":{"line":29,"column":4},"end":{"line":29,"column":30}},"22":{"start":{"line":32,"column":0},"end":{"line":32,"column":22}}},"fnMap":{"0":{"name":"(anonymous_14)","decl":{"start":{"line":28,"column":13},"end":{"line":28,"column":20}},"loc":{"start":{"line":28,"column":28},"end":{"line":30,"column":2}}},"1":{"name":"(anonymous_15)","decl":{"start":{"line":28,"column":28},"end":{"line":28,"column":null}},"loc":{"start":{"line":28,"column":28},"end":{"line":30,"column":2}}}},"branchMap":{},"s":{"0":4,"1":4,"2":4,"3":4,"4":4,"5":4,"6":4,"7":4,"8":4,"9":4,"10":4,"11":4,"12":4,"13":4,"14":4,"15":4,"16":4,"17":4,"18":4,"19":4,"20":1,"21":1,"22":4},"f":{"0":1,"1":1},"b":{}}
,"D:\\dev\\saon\\characters\\src\\events\\listeners\\gmchangeCancelledListener.ts": {"path":"D:\\dev\\saon\\characters\\src\\events\\listeners\\gmchangeCancelledListener.ts","statementMap":{"0":{"start":{"line":1,"column":0},"end":{"line":1,"column":77}},"1":{"start":{"line":3,"column":0},"end":{"line":3,"column":50}},"2":{"start":{"line":4,"column":0},"end":{"line":4,"column":51}},"3":{"start":{"line":5,"column":0},"end":{"line":5,"column":84}},"4":{"start":{"line":8,"column":0},"end":{"line":8,"column":79}},"5":{"start":{"line":8,"column":47},"end":{"line":8,"column":55}},"6":{"start":{"line":8,"column":0},"end":{"line":8,"column":13}},"7":{"start":{"line":9,"column":4},"end":{"line":9,"column":69}},"8":{"start":{"line":10,"column":4},"end":{"line":10,"column":36}},"9":{"start":{"line":12,"column":10},"end":{"line":31,"column":null}},"10":{"start":{"line":13,"column":26},"end":{"line":13,"column":null}},"11":{"start":{"line":13,"column":14},"end":{"line":13,"column":null}},"12":{"start":{"line":15,"column":8},"end":{"line":17,"column":null}},"13":{"start":{"line":16,"column":12},"end":{"line":16,"column":47}},"14":{"start":{"line":19,"column":8},"end":{"line":19,"column":49}},"15":{"start":{"line":20,"column":8},"end":{"line":20,"column":31}},"16":{"start":{"line":21,"column":8},"end":{"line":28,"column":11}},"17":{"start":{"line":30,"column":8},"end":{"line":30,"column":18}},"18":{"start":{"line":32,"column":0},"end":{"line":32,"column":null}},"19":{"start":{"line":8,"column":13},"end":{"line":8,"column":38}}},"fnMap":{"0":{"name":"(anonymous_19)","decl":{"start":{"line":8,"column":0},"end":{"line":8,"column":13}},"loc":{"start":{"line":8,"column":0},"end":{"line":32,"column":null}}},"1":{"name":"(anonymous_21)","decl":{"start":{"line":12,"column":4},"end":{"line":12,"column":10}},"loc":{"start":{"line":12,"column":70},"end":{"line":31,"column":null}}}},"branchMap":{"0":{"loc":{"start":{"line":8,"column":0},"end":{"line":8,"column":13}},"type":"binary-expr","locations":[{"start":{"line":8,"column":0},"end":{"line":8,"column":13}},{"start":{"line":8,"column":0},"end":{"line":8,"column":13}},{"start":{"line":8,"column":0},"end":{"line":8,"column":13}}]},"1":{"loc":{"start":{"line":13,"column":26},"end":{"line":13,"column":null}},"type":"switch","locations":[{"start":{"line":13,"column":26},"end":{"line":13,"column":null}}]},"2":{"loc":{"start":{"line":15,"column":8},"end":{"line":17,"column":null}},"type":"if","locations":[{"start":{"line":15,"column":8},"end":{"line":17,"column":null}},{"start":{"line":15,"column":8},"end":{"line":17,"column":null}}]}},"s":{"0":1,"1":1,"2":1,"3":1,"4":1,"5":1,"6":1,"7":1,"8":1,"9":1,"10":1,"11":1,"12":1,"13":0,"14":1,"15":2,"16":2,"17":1,"18":1,"19":1},"f":{"0":2,"1":1},"b":{"0":[1,1,1],"1":[1],"2":[0,1]}}
,"D:\\dev\\saon\\characters\\src\\events\\listeners\\gmchangeCreatedListener.ts": {"path":"D:\\dev\\saon\\characters\\src\\events\\listeners\\gmchangeCreatedListener.ts","statementMap":{"0":{"start":{"line":1,"column":0},"end":{"line":1,"column":75}},"1":{"start":{"line":3,"column":0},"end":{"line":3,"column":50}},"2":{"start":{"line":4,"column":0},"end":{"line":4,"column":51}},"3":{"start":{"line":5,"column":0},"end":{"line":5,"column":84}},"4":{"start":{"line":7,"column":0},"end":{"line":7,"column":75}},"5":{"start":{"line":7,"column":45},"end":{"line":7,"column":53}},"6":{"start":{"line":7,"column":0},"end":{"line":7,"column":13}},"7":{"start":{"line":8,"column":4},"end":{"line":8,"column":65}},"8":{"start":{"line":9,"column":4},"end":{"line":9,"column":36}},"9":{"start":{"line":11,"column":10},"end":{"line":33,"column":null}},"10":{"start":{"line":13,"column":26},"end":{"line":13,"column":null}},"11":{"start":{"line":13,"column":14},"end":{"line":13,"column":null}},"12":{"start":{"line":15,"column":8},"end":{"line":17,"column":null}},"13":{"start":{"line":16,"column":12},"end":{"line":16,"column":54}},"14":{"start":{"line":19,"column":8},"end":{"line":19,"column":45}},"15":{"start":{"line":21,"column":8},"end":{"line":21,"column":31}},"16":{"start":{"line":22,"column":8},"end":{"line":29,"column":11}},"17":{"start":{"line":32,"column":8},"end":{"line":32,"column":18}},"18":{"start":{"line":34,"column":0},"end":{"line":34,"column":null}},"19":{"start":{"line":7,"column":13},"end":{"line":7,"column":36}}},"fnMap":{"0":{"name":"(anonymous_19)","decl":{"start":{"line":7,"column":0},"end":{"line":7,"column":13}},"loc":{"start":{"line":7,"column":0},"end":{"line":34,"column":null}}},"1":{"name":"(anonymous_21)","decl":{"start":{"line":11,"column":4},"end":{"line":11,"column":10}},"loc":{"start":{"line":11,"column":68},"end":{"line":33,"column":null}}}},"branchMap":{"0":{"loc":{"start":{"line":7,"column":0},"end":{"line":7,"column":13}},"type":"binary-expr","locations":[{"start":{"line":7,"column":0},"end":{"line":7,"column":13}},{"start":{"line":7,"column":0},"end":{"line":7,"column":13}},{"start":{"line":7,"column":0},"end":{"line":7,"column":13}}]},"1":{"loc":{"start":{"line":13,"column":26},"end":{"line":13,"column":null}},"type":"switch","locations":[{"start":{"line":13,"column":26},"end":{"line":13,"column":null}}]},"2":{"loc":{"start":{"line":15,"column":8},"end":{"line":17,"column":null}},"type":"if","locations":[{"start":{"line":15,"column":8},"end":{"line":17,"column":null}},{"start":{"line":15,"column":8},"end":{"line":17,"column":null}}]}},"s":{"0":1,"1":1,"2":1,"3":1,"4":1,"5":1,"6":3,"7":3,"8":3,"9":1,"10":3,"11":3,"12":3,"13":0,"14":3,"15":6,"16":3,"17":3,"18":1,"19":1},"f":{"0":4,"1":3},"b":{"0":[3,3,3],"1":[3],"2":[0,3]}}
,"D:\\dev\\saon\\characters\\src\\events\\listeners\\queueGroupName.ts": {"path":"D:\\dev\\saon\\characters\\src\\events\\listeners\\queueGroupName.ts","statementMap":{"0":{"start":{"line":1,"column":13},"end":{"line":1,"column":51}}},"fnMap":{},"branchMap":{},"s":{"0":2},"f":{},"b":{}}
,"D:\\dev\\saon\\characters\\src\\events\\publishers\\characterCreatedPublisher.ts": {"path":"D:\\dev\\saon\\characters\\src\\events\\publishers\\characterCreatedPublisher.ts","statementMap":{"0":{"start":{"line":1,"column":0},"end":{"line":1,"column":77}},"1":{"start":{"line":3,"column":0},"end":{"line":3,"column":79}},"2":{"start":{"line":3,"column":47},"end":{"line":3,"column":56}},"3":{"start":{"line":3,"column":0},"end":{"line":3,"column":13}},"4":{"start":{"line":4,"column":4},"end":{"line":4,"column":67}},"5":{"start":{"line":5,"column":0},"end":{"line":5,"column":null}},"6":{"start":{"line":3,"column":13},"end":{"line":3,"column":38}}},"fnMap":{"0":{"name":"(anonymous_6)","decl":{"start":{"line":3,"column":0},"end":{"line":3,"column":13}},"loc":{"start":{"line":3,"column":0},"end":{"line":5,"column":null}}}},"branchMap":{"0":{"loc":{"start":{"line":3,"column":0},"end":{"line":3,"column":13}},"type":"binary-expr","locations":[{"start":{"line":3,"column":0},"end":{"line":3,"column":13}},{"start":{"line":3,"column":0},"end":{"line":3,"column":13}},{"start":{"line":3,"column":0},"end":{"line":3,"column":13}}]}},"s":{"0":4,"1":4,"2":4,"3":11,"4":11,"5":4,"6":4},"f":{"0":15},"b":{"0":[11,11,11]}}
,"D:\\dev\\saon\\characters\\src\\events\\publishers\\characterUpdatedPublisher.ts": {"path":"D:\\dev\\saon\\characters\\src\\events\\publishers\\characterUpdatedPublisher.ts","statementMap":{"0":{"start":{"line":1,"column":0},"end":{"line":1,"column":77}},"1":{"start":{"line":3,"column":0},"end":{"line":3,"column":79}},"2":{"start":{"line":3,"column":47},"end":{"line":3,"column":56}},"3":{"start":{"line":3,"column":0},"end":{"line":3,"column":13}},"4":{"start":{"line":4,"column":4},"end":{"line":4,"column":67}},"5":{"start":{"line":5,"column":0},"end":{"line":5,"column":null}},"6":{"start":{"line":3,"column":13},"end":{"line":3,"column":38}}},"fnMap":{"0":{"name":"(anonymous_6)","decl":{"start":{"line":3,"column":0},"end":{"line":3,"column":13}},"loc":{"start":{"line":3,"column":0},"end":{"line":5,"column":null}}}},"branchMap":{"0":{"loc":{"start":{"line":3,"column":0},"end":{"line":3,"column":13}},"type":"binary-expr","locations":[{"start":{"line":3,"column":0},"end":{"line":3,"column":13}},{"start":{"line":3,"column":0},"end":{"line":3,"column":13}},{"start":{"line":3,"column":0},"end":{"line":3,"column":13}}]}},"s":{"0":6,"1":6,"2":6,"3":6,"4":6,"5":6,"6":6},"f":{"0":12},"b":{"0":[6,6,6]}}
,"D:\\dev\\saon\\characters\\src\\models\\character.ts": {"path":"D:\\dev\\saon\\characters\\src\\models\\character.ts","statementMap":{"0":{"start":{"line":1,"column":0},"end":{"line":1,"column":32}},"1":{"start":{"line":2,"column":0},"end":{"line":2,"column":67}},"2":{"start":{"line":22,"column":24},"end":{"line":47,"column":null}},"3":{"start":{"line":43,"column":8},"end":{"line":43,"column":25}},"4":{"start":{"line":44,"column":8},"end":{"line":44,"column":23}},"5":{"start":{"line":50,"column":0},"end":{"line":50,"column":null}},"6":{"start":{"line":51,"column":0},"end":{"line":51,"column":46}},"7":{"start":{"line":53,"column":0},"end":{"line":55,"column":2}},"8":{"start":{"line":54,"column":2},"end":{"line":54,"column":30}},"9":{"start":{"line":57,"column":18},"end":{"line":57,"column":92}},"10":{"start":{"line":59,"column":9},"end":{"line":59,"column":18}}},"fnMap":{"0":{"name":"(anonymous_1)","decl":{"start":{"line":42,"column":15},"end":{"line":42,"column":16}},"loc":{"start":{"line":42,"column":24},"end":{"line":45,"column":7}}},"1":{"name":"(anonymous_2)","decl":{"start":{"line":53,"column":32},"end":{"line":53,"column":33}},"loc":{"start":{"line":53,"column":54},"end":{"line":55,"column":1}}}},"branchMap":{},"s":{"0":7,"1":7,"2":7,"3":18,"4":18,"5":7,"6":7,"7":7,"8":17,"9":7,"10":7},"f":{"0":18,"1":17},"b":{}}
,"D:\\dev\\saon\\characters\\src\\routes\\index.ts": {"path":"D:\\dev\\saon\\characters\\src\\routes\\index.ts","statementMap":{"0":{"start":{"line":1,"column":0},"end":{"line":1,"column":52}},"1":{"start":{"line":3,"column":0},"end":{"line":3,"column":48}},"2":{"start":{"line":5,"column":15},"end":{"line":5,"column":31}},"3":{"start":{"line":13,"column":18},"end":{"line":13,"column":38}},"4":{"start":{"line":7,"column":0},"end":{"line":11,"column":3}},"5":{"start":{"line":7,"column":64},"end":{"line":11,"column":2}},"6":{"start":{"line":8,"column":23},"end":{"line":8,"column":null}},"7":{"start":{"line":8,"column":10},"end":{"line":8,"column":null}},"8":{"start":{"line":10,"column":4},"end":{"line":10,"column":25}}},"fnMap":{"0":{"name":"(anonymous_14)","decl":{"start":{"line":7,"column":30},"end":{"line":7,"column":37}},"loc":{"start":{"line":7,"column":64},"end":{"line":11,"column":2}}},"1":{"name":"(anonymous_15)","decl":{"start":{"line":7,"column":64},"end":{"line":7,"column":null}},"loc":{"start":{"line":7,"column":64},"end":{"line":11,"column":2}}}},"branchMap":{"0":{"loc":{"start":{"line":8,"column":23},"end":{"line":8,"column":null}},"type":"switch","locations":[{"start":{"line":8,"column":23},"end":{"line":8,"column":null}}]}},"s":{"0":4,"1":4,"2":4,"3":4,"4":4,"5":1,"6":1,"7":1,"8":1},"f":{"0":1,"1":1},"b":{"0":[1]}}
,"D:\\dev\\saon\\characters\\src\\routes\\new.ts": {"path":"D:\\dev\\saon\\characters\\src\\routes\\new.ts","statementMap":{"0":{"start":{"line":1,"column":0},"end":{"line":1,"column":52}},"1":{"start":{"line":2,"column":0},"end":{"line":2,"column":41}},"2":{"start":{"line":3,"column":0},"end":{"line":3,"column":61}},"3":{"start":{"line":4,"column":0},"end":{"line":4,"column":48}},"4":{"start":{"line":5,"column":0},"end":{"line":5,"column":91}},"5":{"start":{"line":6,"column":0},"end":{"line":6,"column":43}},"6":{"start":{"line":8,"column":15},"end":{"line":8,"column":31}},"7":{"start":{"line":35,"column":19},"end":{"line":35,"column":40}},"8":{"start":{"line":9,"column":0},"end":{"line":33,"column":2}},"9":{"start":{"line":13,"column":38},"end":{"line":32,"column":null}},"10":{"start":{"line":14,"column":14},"end":{"line":14,"column":32}},"11":{"start":{"line":16,"column":14},"end":{"line":20,"column":11}},"12":{"start":{"line":21,"column":8},"end":{"line":21,"column":31}},"13":{"start":{"line":23,"column":8},"end":{"line":29,"column":11}},"14":{"start":{"line":31,"column":8},"end":{"line":31,"column":40}}},"fnMap":{"0":{"name":"(anonymous_14)","decl":{"start":{"line":13,"column":4},"end":{"line":13,"column":11}},"loc":{"start":{"line":13,"column":38},"end":{"line":32,"column":null}}},"1":{"name":"(anonymous_15)","decl":{"start":{"line":13,"column":38},"end":{"line":13,"column":null}},"loc":{"start":{"line":13,"column":38},"end":{"line":32,"column":null}}}},"branchMap":{},"s":{"0":4,"1":4,"2":4,"3":4,"4":4,"5":4,"6":4,"7":4,"8":4,"9":11,"10":11,"11":11,"12":22,"13":11,"14":11},"f":{"0":11,"1":11},"b":{}}
,"D:\\dev\\saon\\characters\\src\\routes\\show.ts": {"path":"D:\\dev\\saon\\characters\\src\\routes\\show.ts","statementMap":{"0":{"start":{"line":1,"column":0},"end":{"line":1,"column":52}},"1":{"start":{"line":2,"column":0},"end":{"line":2,"column":48}},"2":{"start":{"line":3,"column":0},"end":{"line":3,"column":46}},"3":{"start":{"line":5,"column":15},"end":{"line":5,"column":31}},"4":{"start":{"line":17,"column":19},"end":{"line":17,"column":38}},"5":{"start":{"line":7,"column":0},"end":{"line":15,"column":3}},"6":{"start":{"line":7,"column":68},"end":{"line":15,"column":2}},"7":{"start":{"line":8,"column":20},"end":{"line":8,"column":null}},"8":{"start":{"line":8,"column":8},"end":{"line":8,"column":null}},"9":{"start":{"line":10,"column":2},"end":{"line":12,"column":null}},"10":{"start":{"line":11,"column":4},"end":{"line":11,"column":30}},"11":{"start":{"line":14,"column":2},"end":{"line":14,"column":22}}},"fnMap":{"0":{"name":"(anonymous_14)","decl":{"start":{"line":7,"column":34},"end":{"line":7,"column":41}},"loc":{"start":{"line":7,"column":68},"end":{"line":15,"column":2}}},"1":{"name":"(anonymous_15)","decl":{"start":{"line":7,"column":68},"end":{"line":7,"column":null}},"loc":{"start":{"line":7,"column":68},"end":{"line":15,"column":2}}}},"branchMap":{"0":{"loc":{"start":{"line":8,"column":20},"end":{"line":8,"column":null}},"type":"switch","locations":[{"start":{"line":8,"column":20},"end":{"line":8,"column":null}}]},"1":{"loc":{"start":{"line":10,"column":2},"end":{"line":12,"column":null}},"type":"if","locations":[{"start":{"line":10,"column":2},"end":{"line":12,"column":null}},{"start":{"line":10,"column":2},"end":{"line":12,"column":null}}]}},"s":{"0":4,"1":4,"2":4,"3":4,"4":4,"5":4,"6":3,"7":3,"8":3,"9":2,"10":0,"11":2},"f":{"0":3,"1":3},"b":{"0":[3],"1":[0,2]}}
,"D:\\dev\\saon\\characters\\src\\routes\\update.ts": {"path":"D:\\dev\\saon\\characters\\src\\routes\\update.ts","statementMap":{"0":{"start":{"line":1,"column":0},"end":{"line":1,"column":52}},"1":{"start":{"line":2,"column":0},"end":{"line":2,"column":41}},"2":{"start":{"line":3,"column":0},"end":{"line":3,"column":113}},"3":{"start":{"line":4,"column":0},"end":{"line":4,"column":48}},"4":{"start":{"line":5,"column":0},"end":{"line":5,"column":89}},"5":{"start":{"line":6,"column":0},"end":{"line":6,"column":43}},"6":{"start":{"line":8,"column":15},"end":{"line":8,"column":31}},"7":{"start":{"line":51,"column":19},"end":{"line":51,"column":40}},"8":{"start":{"line":10,"column":0},"end":{"line":49,"column":2}},"9":{"start":{"line":18,"column":38},"end":{"line":48,"column":null}},"10":{"start":{"line":19,"column":24},"end":{"line":19,"column":null}},"11":{"start":{"line":19,"column":12},"end":{"line":19,"column":null}},"12":{"start":{"line":21,"column":6},"end":{"line":23,"column":null}},"13":{"start":{"line":22,"column":8},"end":{"line":22,"column":34}},"14":{"start":{"line":25,"column":6},"end":{"line":27,"column":null}},"15":{"start":{"line":26,"column":8},"end":{"line":26,"column":54}},"16":{"start":{"line":29,"column":6},"end":{"line":31,"column":null}},"17":{"start":{"line":30,"column":10},"end":{"line":30,"column":41}},"18":{"start":{"line":33,"column":6},"end":{"line":36,"column":9}},"19":{"start":{"line":37,"column":6},"end":{"line":37,"column":29}},"20":{"start":{"line":39,"column":6},"end":{"line":45,"column":9}},"21":{"start":{"line":47,"column":6},"end":{"line":47,"column":26}}},"fnMap":{"0":{"name":"(anonymous_14)","decl":{"start":{"line":18,"column":4},"end":{"line":18,"column":11}},"loc":{"start":{"line":18,"column":38},"end":{"line":48,"column":null}}},"1":{"name":"(anonymous_15)","decl":{"start":{"line":18,"column":38},"end":{"line":18,"column":null}},"loc":{"start":{"line":18,"column":38},"end":{"line":48,"column":null}}}},"branchMap":{"0":{"loc":{"start":{"line":19,"column":24},"end":{"line":19,"column":null}},"type":"switch","locations":[{"start":{"line":19,"column":24},"end":{"line":19,"column":null}}]},"1":{"loc":{"start":{"line":21,"column":6},"end":{"line":23,"column":null}},"type":"if","locations":[{"start":{"line":21,"column":6},"end":{"line":23,"column":null}},{"start":{"line":21,"column":6},"end":{"line":23,"column":null}}]},"2":{"loc":{"start":{"line":25,"column":6},"end":{"line":27,"column":null}},"type":"if","locations":[{"start":{"line":25,"column":6},"end":{"line":27,"column":null}},{"start":{"line":25,"column":6},"end":{"line":27,"column":null}}]},"3":{"loc":{"start":{"line":29,"column":6},"end":{"line":31,"column":null}},"type":"if","locations":[{"start":{"line":29,"column":6},"end":{"line":31,"column":null}},{"start":{"line":29,"column":6},"end":{"line":31,"column":null}}]}},"s":{"0":4,"1":4,"2":4,"3":4,"4":4,"5":4,"6":4,"7":4,"8":4,"9":4,"10":4,"11":4,"12":4,"13":0,"14":4,"15":1,"16":3,"17":1,"18":2,"19":4,"20":2,"21":2},"f":{"0":4,"1":4},"b":{"0":[4],"1":[0,4],"2":[1,3],"3":[1,2]}}
}
