TN:
SF:src\app.ts
FN:28,(anonymous_14)
FN:28,(anonymous_15)
FNF:2
FNH:2
FNDA:1,(anonymous_14)
FNDA:1,(anonymous_15)
DA:1,4
DA:2,4
DA:3,4
DA:4,4
DA:5,4
DA:6,4
DA:7,4
DA:8,4
DA:9,4
DA:11,4
DA:12,4
DA:13,4
DA:14,4
DA:21,4
DA:23,4
DA:24,4
DA:25,4
DA:26,4
DA:28,4
DA:29,1
DA:32,4
DA:34,4
LF:22
LH:22
BRF:0
BRH:0
end_of_record
TN:
SF:src\events\listeners\gmchangeCancelledListener.ts
FN:8,(anonymous_19)
FN:12,(anonymous_21)
FNF:2
FNH:2
FNDA:2,(anonymous_19)
FNDA:1,(anonymous_21)
DA:1,1
DA:3,1
DA:4,1
DA:5,1
DA:8,1
DA:9,1
DA:10,1
DA:12,1
DA:13,1
DA:15,1
DA:16,0
DA:19,1
DA:20,2
DA:21,2
DA:30,1
DA:32,1
LF:16
LH:15
BRDA:8,0,0,1
BRDA:8,0,1,1
BRDA:8,0,2,1
BRDA:13,1,0,1
BRDA:15,2,0,0
BRDA:15,2,1,1
BRF:6
BRH:5
end_of_record
TN:
SF:src\events\listeners\gmchangeCreatedListener.ts
FN:7,(anonymous_19)
FN:11,(anonymous_21)
FNF:2
FNH:2
FNDA:4,(anonymous_19)
FNDA:3,(anonymous_21)
DA:1,1
DA:3,1
DA:4,1
DA:5,1
DA:7,3
DA:8,3
DA:9,3
DA:11,1
DA:13,3
DA:15,3
DA:16,0
DA:19,3
DA:21,6
DA:22,3
DA:32,3
DA:34,1
LF:16
LH:15
BRDA:7,0,0,3
BRDA:7,0,1,3
BRDA:7,0,2,3
BRDA:13,1,0,3
BRDA:15,2,0,0
BRDA:15,2,1,3
BRF:6
BRH:5
end_of_record
TN:
SF:src\events\listeners\queueGroupName.ts
FNF:0
FNH:0
DA:1,2
LF:1
LH:1
BRF:0
BRH:0
end_of_record
TN:
SF:src\events\publishers\characterCreatedPublisher.ts
FN:3,(anonymous_6)
FNF:1
FNH:1
FNDA:15,(anonymous_6)
DA:1,4
DA:3,11
DA:4,11
DA:5,4
LF:4
LH:4
BRDA:3,0,0,11
BRDA:3,0,1,11
BRDA:3,0,2,11
BRF:3
BRH:3
end_of_record
TN:
SF:src\events\publishers\characterUpdatedPublisher.ts
FN:3,(anonymous_6)
FNF:1
FNH:1
FNDA:12,(anonymous_6)
DA:1,6
DA:3,6
DA:4,6
DA:5,6
LF:4
LH:4
BRDA:3,0,0,6
BRDA:3,0,1,6
BRDA:3,0,2,6
BRF:3
BRH:3
end_of_record
TN:
SF:src\models\character.ts
FN:42,(anonymous_1)
FN:53,(anonymous_2)
FNF:2
FNH:2
FNDA:18,(anonymous_1)
FNDA:17,(anonymous_2)
DA:1,7
DA:2,7
DA:22,7
DA:43,18
DA:44,18
DA:50,7
DA:51,7
DA:53,7
DA:54,17
DA:57,7
DA:59,7
LF:11
LH:11
BRF:0
BRH:0
end_of_record
TN:
SF:src\routes\index.ts
FN:7,(anonymous_14)
FN:7,(anonymous_15)
FNF:2
FNH:2
FNDA:1,(anonymous_14)
FNDA:1,(anonymous_15)
DA:1,4
DA:3,4
DA:5,4
DA:7,4
DA:8,1
DA:10,1
DA:13,4
LF:7
LH:7
BRDA:8,0,0,1
BRF:1
BRH:1
end_of_record
TN:
SF:src\routes\new.ts
FN:13,(anonymous_14)
FN:13,(anonymous_15)
FNF:2
FNH:2
FNDA:11,(anonymous_14)
FNDA:11,(anonymous_15)
DA:1,4
DA:2,4
DA:3,4
DA:4,4
DA:5,4
DA:6,4
DA:8,4
DA:9,4
DA:13,11
DA:14,11
DA:16,11
DA:21,22
DA:23,11
DA:31,11
DA:35,4
LF:15
LH:15
BRF:0
BRH:0
end_of_record
TN:
SF:src\routes\show.ts
FN:7,(anonymous_14)
FN:7,(anonymous_15)
FNF:2
FNH:2
FNDA:3,(anonymous_14)
FNDA:3,(anonymous_15)
DA:1,4
DA:2,4
DA:3,4
DA:5,4
DA:7,4
DA:8,3
DA:10,2
DA:11,0
DA:14,2
DA:17,4
LF:10
LH:9
BRDA:8,0,0,3
BRDA:10,1,0,0
BRDA:10,1,1,2
BRF:3
BRH:2
end_of_record
TN:
SF:src\routes\update.ts
FN:18,(anonymous_14)
FN:18,(anonymous_15)
FNF:2
FNH:2
FNDA:4,(anonymous_14)
FNDA:4,(anonymous_15)
DA:1,4
DA:2,4
DA:3,4
DA:4,4
DA:5,4
DA:6,4
DA:8,4
DA:10,4
DA:18,4
DA:19,4
DA:21,4
DA:22,0
DA:25,4
DA:26,1
DA:29,3
DA:30,1
DA:33,2
DA:37,4
DA:39,2
DA:47,2
DA:51,4
LF:21
LH:20
BRDA:19,0,0,4
BRDA:21,1,0,0
BRDA:21,1,1,4
BRDA:25,2,0,1
BRDA:25,2,1,3
BRDA:29,3,0,1
BRDA:29,3,1,2
BRF:7
BRH:6
end_of_record
